<?xml version="1.0" encoding="UTF-8"?>
<!-- Generated by org.testng.reporters.JUnitReportReporter -->
<testsuite hostname="SriprasadKoushik" failures="0" tests="2" name="day2.WaystoCreatePostRequestBody" time="3.302" errors="0" timestamp="2023-08-04T16:14:01 IST" skipped="0">
  <testcase classname="day2.WaystoCreatePostRequestBody" name="testPostUsingExternalJsonFile" time="3.190"/>
  <system-out/>
  <testcase classname="day2.WaystoCreatePostRequestBody" name="testDelete" time="0.112"/>
  <system-out/>
</testsuite> <!-- day2.WaystoCreatePostRequestBody -->
