<?xml version="1.0" encoding="UTF-8"?>
<!-- Generated by org.testng.reporters.JUnitReportReporter -->
<testsuite hostname="SriprasadKoushik" failures="0" tests="4" name="day1.HTTPRequests" time="7.227" errors="0" timestamp="2023-08-04T11:55:21 IST" skipped="0">
  <testcase classname="day1.HTTPRequests" name="getUsers" time="4.871"/>
  <system-out/>
  <testcase classname="day1.HTTPRequests" name="createUser" time="1.222"/>
  <system-out/>
  <testcase classname="day1.HTTPRequests" name="updateUser" time="0.561"/>
  <system-out/>
  <testcase classname="day1.HTTPRequests" name="deleteUser" time="0.573"/>
  <system-out/>
</testsuite> <!-- day1.HTTPRequests -->
